<?xml version="1.0" encoding="UTF-8"?>
<!-- Generated by org.testng.reporters.JUnitXMLReporter -->
<testsuite ignored="0" hostname="DESKTOP-BJLMQ64" failures="5" tests="28" name="Test" time="2.241" errors="0" timestamp="2023-11-20T19:22:31 IST">
  <testcase classname="com.testcases.LoginTest" name="@BeforeMethod setup" time="0.073">
    <failure type="java.lang.IllegalStateException" message="The path to the driver executable must be set by the webdriver.edge.driver system property; for more information, see https://github.com/SeleniumHQ/selenium/wiki/MicrosoftWebDriver. The latest version can be downloaded from http://go.microsoft.com/fwlink/?LinkId=619687">
      <![CDATA[java.lang.IllegalStateException: The path to the driver executable must be set by the webdriver.edge.driver system property; for more information, see https://github.com/SeleniumHQ/selenium/wiki/MicrosoftWebDriver. The latest version can be downloaded from http://go.microsoft.com/fwlink/?LinkId=619687
at com.google.common.base.Preconditions.checkState(Preconditions.java:847)
at org.openqa.selenium.remote.service.DriverService.findExecutable(DriverService.java:125)
at org.openqa.selenium.edge.EdgeDriverService.access$000(EdgeDriverService.java:37)
at org.openqa.selenium.edge.EdgeDriverService$Builder.findDefaultExecutable(EdgeDriverService.java:90)
at org.openqa.selenium.remote.service.DriverService$Builder.build(DriverService.java:346)
at org.openqa.selenium.edge.EdgeDriverService.createDefaultService(EdgeDriverService.java:70)
at org.openqa.selenium.edge.EdgeDriver.<init>(EdgeDriver.java:96)
at com.base.Testbase.Initialization(Testbase.java:53)
at com.testcases.LoginTest.setup(LoginTest.java:27)
at java.base/java.util.ArrayList.forEach(ArrayList.java:1511)
... Removed 29 stack frames]]>
    </failure>
  </testcase> <!-- @BeforeMethod setup -->
  <testcase classname="com.testcases.LoginTest" name="@AfterMethod teardown" time="0.0">
    <skipped/>
  </testcase> <!-- @AfterMethod teardown -->
  <testcase classname="com.testcases.LoginTest" name="@BeforeMethod setup" time="0.0">
    <skipped/>
  </testcase> <!-- @BeforeMethod setup -->
  <testcase classname="com.testcases.LoginTest" name="@AfterMethod teardown" time="0.0">
    <skipped/>
  </testcase> <!-- @AfterMethod teardown -->
  <testcase classname="com.testcases.LoginTest" name="@BeforeMethod setup" time="0.0">
    <skipped/>
  </testcase> <!-- @BeforeMethod setup -->
  <testcase classname="com.testcases.LoginTest" name="@AfterMethod teardown" time="0.0">
    <skipped/>
  </testcase> <!-- @AfterMethod teardown -->
  <testcase classname="com.testcases.LoginTest" name="@BeforeMethod setup" time="0.0">
    <skipped/>
  </testcase> <!-- @BeforeMethod setup -->
  <testcase classname="com.testcases.LoginTest" name="@AfterMethod teardown" time="0.0">
    <skipped/>
  </testcase> <!-- @AfterMethod teardown -->
  <testcase classname="com.testcases.LoginTest" name="@BeforeMethod setup" time="0.0">
    <skipped/>
  </testcase> <!-- @BeforeMethod setup -->
  <testcase classname="com.testcases.LoginTest" name="@AfterMethod teardown" time="0.0">
    <skipped/>
  </testcase> <!-- @AfterMethod teardown -->
  <testcase classname="com.testcases.LoginTest" name="@BeforeMethod setup" time="0.0">
    <skipped/>
  </testcase> <!-- @BeforeMethod setup -->
  <testcase classname="com.testcases.LoginTest" name="@AfterMethod teardown" time="0.0">
    <skipped/>
  </testcase> <!-- @AfterMethod teardown -->
  <testcase classname="com.testcases.LoginTest" name="@BeforeMethod setup" time="0.0">
    <skipped/>
  </testcase> <!-- @BeforeMethod setup -->
  <testcase classname="com.testcases.LoginTest" name="@AfterMethod teardown" time="0.0">
    <skipped/>
  </testcase> <!-- @AfterMethod teardown -->
  <testcase classname="com.testcases.Usertype_test" name="@BeforeMethod setup" time="0.005">
    <failure type="java.lang.IllegalStateException" message="The path to the driver executable must be set by the webdriver.edge.driver system property; for more information, see https://github.com/SeleniumHQ/selenium/wiki/MicrosoftWebDriver. The latest version can be downloaded from http://go.microsoft.com/fwlink/?LinkId=619687">
      <![CDATA[java.lang.IllegalStateException: The path to the driver executable must be set by the webdriver.edge.driver system property; for more information, see https://github.com/SeleniumHQ/selenium/wiki/MicrosoftWebDriver. The latest version can be downloaded from http://go.microsoft.com/fwlink/?LinkId=619687
at com.google.common.base.Preconditions.checkState(Preconditions.java:847)
at org.openqa.selenium.remote.service.DriverService.findExecutable(DriverService.java:125)
at org.openqa.selenium.edge.EdgeDriverService.access$000(EdgeDriverService.java:37)
at org.openqa.selenium.edge.EdgeDriverService$Builder.findDefaultExecutable(EdgeDriverService.java:90)
at org.openqa.selenium.remote.service.DriverService$Builder.build(DriverService.java:346)
at org.openqa.selenium.edge.EdgeDriverService.createDefaultService(EdgeDriverService.java:70)
at org.openqa.selenium.edge.EdgeDriver.<init>(EdgeDriver.java:96)
at com.base.Testbase.Initialization(Testbase.java:53)
at com.testcases.Usertype_test.setup(Usertype_test.java:27)
at java.base/java.util.ArrayList.forEach(ArrayList.java:1511)
... Removed 29 stack frames]]>
    </failure>
  </testcase> <!-- @BeforeMethod setup -->
  <testcase classname="com.testcases.Usertype_test" name="@BeforeMethod setup" time="0.0">
    <skipped/>
  </testcase> <!-- @BeforeMethod setup -->
  <testcase classname="com.testcases.Customers_test" name="@BeforeMethod setup" time="0.004">
    <failure type="java.lang.IllegalStateException" message="The path to the driver executable must be set by the webdriver.edge.driver system property; for more information, see https://github.com/SeleniumHQ/selenium/wiki/MicrosoftWebDriver. The latest version can be downloaded from http://go.microsoft.com/fwlink/?LinkId=619687">
      <![CDATA[java.lang.IllegalStateException: The path to the driver executable must be set by the webdriver.edge.driver system property; for more information, see https://github.com/SeleniumHQ/selenium/wiki/MicrosoftWebDriver. The latest version can be downloaded from http://go.microsoft.com/fwlink/?LinkId=619687
at com.google.common.base.Preconditions.checkState(Preconditions.java:847)
at org.openqa.selenium.remote.service.DriverService.findExecutable(DriverService.java:125)
at org.openqa.selenium.edge.EdgeDriverService.access$000(EdgeDriverService.java:37)
at org.openqa.selenium.edge.EdgeDriverService$Builder.findDefaultExecutable(EdgeDriverService.java:90)
at org.openqa.selenium.remote.service.DriverService$Builder.build(DriverService.java:346)
at org.openqa.selenium.edge.EdgeDriverService.createDefaultService(EdgeDriverService.java:70)
at org.openqa.selenium.edge.EdgeDriver.<init>(EdgeDriver.java:96)
at com.base.Testbase.Initialization(Testbase.java:53)
at com.testcases.Customers_test.setup(Customers_test.java:24)
at java.base/java.util.ArrayList.forEach(ArrayList.java:1511)
... Removed 29 stack frames]]>
    </failure>
  </testcase> <!-- @BeforeMethod setup -->
  <testcase classname="com.testcases.Customers_test" name="@BeforeMethod setup" time="0.0">
    <skipped/>
  </testcase> <!-- @BeforeMethod setup -->
  <testcase classname="com.testcases.Customers_test" name="@BeforeMethod setup" time="0.0">
    <skipped/>
  </testcase> <!-- @BeforeMethod setup -->
  <testcase classname="com.testcases.Customers_test" name="@BeforeMethod setup" time="0.0">
    <skipped/>
  </testcase> <!-- @BeforeMethod setup -->
  <testcase classname="com.testcases.Location_Test" name="@BeforeMethod setup" time="0.008">
    <failure type="java.lang.IllegalStateException" message="The path to the driver executable must be set by the webdriver.edge.driver system property; for more information, see https://github.com/SeleniumHQ/selenium/wiki/MicrosoftWebDriver. The latest version can be downloaded from http://go.microsoft.com/fwlink/?LinkId=619687">
      <![CDATA[java.lang.IllegalStateException: The path to the driver executable must be set by the webdriver.edge.driver system property; for more information, see https://github.com/SeleniumHQ/selenium/wiki/MicrosoftWebDriver. The latest version can be downloaded from http://go.microsoft.com/fwlink/?LinkId=619687
at com.google.common.base.Preconditions.checkState(Preconditions.java:847)
at org.openqa.selenium.remote.service.DriverService.findExecutable(DriverService.java:125)
at org.openqa.selenium.edge.EdgeDriverService.access$000(EdgeDriverService.java:37)
at org.openqa.selenium.edge.EdgeDriverService$Builder.findDefaultExecutable(EdgeDriverService.java:90)
at org.openqa.selenium.remote.service.DriverService$Builder.build(DriverService.java:346)
at org.openqa.selenium.edge.EdgeDriverService.createDefaultService(EdgeDriverService.java:70)
at org.openqa.selenium.edge.EdgeDriver.<init>(EdgeDriver.java:96)
at com.base.Testbase.Initialization(Testbase.java:53)
at com.testcases.Location_Test.setup(Location_Test.java:24)
at java.base/java.util.ArrayList.forEach(ArrayList.java:1511)
... Removed 29 stack frames]]>
    </failure>
  </testcase> <!-- @BeforeMethod setup -->
  <testcase classname="com.testcases.Location_Test" name="@BeforeMethod setup" time="0.0">
    <skipped/>
  </testcase> <!-- @BeforeMethod setup -->
  <testcase classname="com.testcases.Location_Test" name="@BeforeMethod setup" time="0.0">
    <skipped/>
  </testcase> <!-- @BeforeMethod setup -->
  <testcase classname="com.testcases.Location_Test" name="@BeforeMethod setup" time="0.0">
    <skipped/>
  </testcase> <!-- @BeforeMethod setup -->
  <testcase classname="com.testcases.Holidays_testing" name="@BeforeMethod setup" time="0.003">
    <failure type="java.lang.IllegalStateException" message="The path to the driver executable must be set by the webdriver.edge.driver system property; for more information, see https://github.com/SeleniumHQ/selenium/wiki/MicrosoftWebDriver. The latest version can be downloaded from http://go.microsoft.com/fwlink/?LinkId=619687">
      <![CDATA[java.lang.IllegalStateException: The path to the driver executable must be set by the webdriver.edge.driver system property; for more information, see https://github.com/SeleniumHQ/selenium/wiki/MicrosoftWebDriver. The latest version can be downloaded from http://go.microsoft.com/fwlink/?LinkId=619687
at com.google.common.base.Preconditions.checkState(Preconditions.java:847)
at org.openqa.selenium.remote.service.DriverService.findExecutable(DriverService.java:125)
at org.openqa.selenium.edge.EdgeDriverService.access$000(EdgeDriverService.java:37)
at org.openqa.selenium.edge.EdgeDriverService$Builder.findDefaultExecutable(EdgeDriverService.java:90)
at org.openqa.selenium.remote.service.DriverService$Builder.build(DriverService.java:346)
at org.openqa.selenium.edge.EdgeDriverService.createDefaultService(EdgeDriverService.java:70)
at org.openqa.selenium.edge.EdgeDriver.<init>(EdgeDriver.java:96)
at com.base.Testbase.Initialization(Testbase.java:53)
at com.testcases.Holidays_testing.setup(Holidays_testing.java:24)
at java.base/java.util.ArrayList.forEach(ArrayList.java:1511)
... Removed 29 stack frames]]>
    </failure>
  </testcase> <!-- @BeforeMethod setup -->
  <testcase classname="com.testcases.Holidays_testing" name="@BeforeMethod setup" time="0.0">
    <skipped/>
  </testcase> <!-- @BeforeMethod setup -->
  <testcase classname="com.testcases.Holidays_testing" name="@BeforeMethod setup" time="0.0">
    <skipped/>
  </testcase> <!-- @BeforeMethod setup -->
  <testcase classname="com.testcases.Holidays_testing" name="@BeforeMethod setup" time="0.0">
    <skipped/>
  </testcase> <!-- @BeforeMethod setup -->
  <testcase classname="com.testcases.Movingstocktest" name="@BeforeMethod setup" time="0.004">
    <failure type="java.lang.IllegalStateException" message="The path to the driver executable must be set by the webdriver.edge.driver system property; for more information, see https://github.com/SeleniumHQ/selenium/wiki/MicrosoftWebDriver. The latest version can be downloaded from http://go.microsoft.com/fwlink/?LinkId=619687">
      <![CDATA[java.lang.IllegalStateException: The path to the driver executable must be set by the webdriver.edge.driver system property; for more information, see https://github.com/SeleniumHQ/selenium/wiki/MicrosoftWebDriver. The latest version can be downloaded from http://go.microsoft.com/fwlink/?LinkId=619687
at com.google.common.base.Preconditions.checkState(Preconditions.java:847)
at org.openqa.selenium.remote.service.DriverService.findExecutable(DriverService.java:125)
at org.openqa.selenium.edge.EdgeDriverService.access$000(EdgeDriverService.java:37)
at org.openqa.selenium.edge.EdgeDriverService$Builder.findDefaultExecutable(EdgeDriverService.java:90)
at org.openqa.selenium.remote.service.DriverService$Builder.build(DriverService.java:346)
at org.openqa.selenium.edge.EdgeDriverService.createDefaultService(EdgeDriverService.java:70)
at org.openqa.selenium.edge.EdgeDriver.<init>(EdgeDriver.java:96)
at com.base.Testbase.Initialization(Testbase.java:53)
at com.testcases.Movingstocktest.setup(Movingstocktest.java:24)
at java.base/java.util.ArrayList.forEach(ArrayList.java:1511)
... Removed 29 stack frames]]>
    </failure>
  </testcase> <!-- @BeforeMethod setup -->
  <testcase classname="com.testcases.Movingstocktest" name="@BeforeMethod setup" time="0.0">
    <skipped/>
  </testcase> <!-- @BeforeMethod setup -->
  <testcase classname="com.testcases.LoginTest" name="VerfiyInvalidData" time="0.0">
    <skipped/>
  </testcase> <!-- VerfiyInvalidData -->
  <testcase classname="com.testcases.LoginTest" name="VerfiyInvalidData" time="0.0">
    <skipped/>
  </testcase> <!-- VerfiyInvalidData -->
  <testcase classname="com.testcases.LoginTest" name="VerfiyInvalidData" time="0.001">
    <skipped/>
  </testcase> <!-- VerfiyInvalidData -->
  <testcase classname="com.testcases.LoginTest" name="VerfiyInvalidData" time="0.001">
    <skipped/>
  </testcase> <!-- VerfiyInvalidData -->
  <testcase classname="com.testcases.LoginTest" name="VerfiyInvalidData" time="0.0">
    <skipped/>
  </testcase> <!-- VerfiyInvalidData -->
  <testcase classname="com.testcases.LoginTest" name="VerfiyInvalidData" time="0.0">
    <skipped/>
  </testcase> <!-- VerfiyInvalidData -->
  <testcase classname="com.testcases.LoginTest" name="Verifylogin" time="0.003">
    <skipped/>
  </testcase> <!-- Verifylogin -->
  <testcase classname="com.testcases.Usertype_test" name="adduser" time="0.0">
    <skipped/>
  </testcase> <!-- adduser -->
  <testcase classname="com.testcases.Usertype_test" name="edituser" time="0.002">
    <skipped/>
  </testcase> <!-- edituser -->
  <testcase classname="com.testcases.Customers_test" name="addcustomer" time="0.0">
    <skipped/>
  </testcase> <!-- addcustomer -->
  <testcase classname="com.testcases.Customers_test" name="editcustomer" time="0.0">
    <skipped/>
  </testcase> <!-- editcustomer -->
  <testcase classname="com.testcases.Customers_test" name="deletecustomer" time="0.0">
    <skipped/>
  </testcase> <!-- deletecustomer -->
  <testcase classname="com.testcases.Customers_test" name="verify" time="0.0">
    <skipped/>
  </testcase> <!-- verify -->
  <testcase classname="com.testcases.Condition_test" name="addCondition" time="0.0">
    <failure type="java.lang.RuntimeException" message="java.lang.NullPointerException: Cannot invoke &amp;quot;org.apache.poi.xssf.usermodel.XSSFSheet.getPhysicalNumberOfRows()&amp;quot; because &amp;quot;sheet&amp;quot; is null">
      <![CDATA[java.lang.RuntimeException: java.lang.NullPointerException: Cannot invoke "org.apache.poi.xssf.usermodel.XSSFSheet.getPhysicalNumberOfRows()" because "sheet" is null
at java.base/java.util.ArrayList.forEach(ArrayList.java:1511)
Caused by: java.lang.NullPointerException: Cannot invoke "org.apache.poi.xssf.usermodel.XSSFSheet.getPhysicalNumberOfRows()" because "sheet" is null
at com.Utils.Utils.readDataFromExcel(Utils.java:90)
at com.testcases.Condition_test.readdata(Condition_test.java:48)
... 25 more
... Removed 30 stack frames]]>
    </failure>
  </testcase> <!-- addCondition -->
  <testcase classname="com.testcases.Condition_test" name="editCondition" time="0.0">
    <failure type="java.lang.RuntimeException" message="java.lang.NullPointerException: Cannot invoke &amp;quot;org.apache.poi.xssf.usermodel.XSSFSheet.getPhysicalNumberOfRows()&amp;quot; because &amp;quot;sheet&amp;quot; is null">
      <![CDATA[java.lang.RuntimeException: java.lang.NullPointerException: Cannot invoke "org.apache.poi.xssf.usermodel.XSSFSheet.getPhysicalNumberOfRows()" because "sheet" is null
at java.base/java.util.ArrayList.forEach(ArrayList.java:1511)
Caused by: java.lang.NullPointerException: Cannot invoke "org.apache.poi.xssf.usermodel.XSSFSheet.getPhysicalNumberOfRows()" because "sheet" is null
at com.Utils.Utils.readDataFromExcel(Utils.java:90)
at com.testcases.Condition_test.readdataExcel(Condition_test.java:60)
... 25 more
... Removed 30 stack frames]]>
    </failure>
  </testcase> <!-- editCondition -->
  <testcase classname="com.testcases.Condition_test" name="deleteCondition" time="0.0">
    <failure type="java.lang.RuntimeException" message="java.lang.NullPointerException: Cannot invoke &amp;quot;org.apache.poi.xssf.usermodel.XSSFSheet.getPhysicalNumberOfRows()&amp;quot; because &amp;quot;sheet&amp;quot; is null">
      <![CDATA[java.lang.RuntimeException: java.lang.NullPointerException: Cannot invoke "org.apache.poi.xssf.usermodel.XSSFSheet.getPhysicalNumberOfRows()" because "sheet" is null
at java.base/java.util.ArrayList.forEach(ArrayList.java:1511)
Caused by: java.lang.NullPointerException: Cannot invoke "org.apache.poi.xssf.usermodel.XSSFSheet.getPhysicalNumberOfRows()" because "sheet" is null
at com.Utils.Utils.readDataFromExcel(Utils.java:90)
at com.testcases.Condition_test.readdataExcelcondition(Condition_test.java:73)
... 25 more
... Removed 30 stack frames]]>
    </failure>
  </testcase> <!-- deleteCondition -->
  <testcase classname="com.testcases.Condition_test" name="verify" time="0.0">
    <failure type="java.lang.RuntimeException" message="java.lang.NullPointerException: Cannot invoke &amp;quot;org.apache.poi.xssf.usermodel.XSSFSheet.getPhysicalNumberOfRows()&amp;quot; because &amp;quot;sheet&amp;quot; is null">
      <![CDATA[java.lang.RuntimeException: java.lang.NullPointerException: Cannot invoke "org.apache.poi.xssf.usermodel.XSSFSheet.getPhysicalNumberOfRows()" because "sheet" is null
at java.base/java.util.ArrayList.forEach(ArrayList.java:1511)
Caused by: java.lang.NullPointerException: Cannot invoke "org.apache.poi.xssf.usermodel.XSSFSheet.getPhysicalNumberOfRows()" because "sheet" is null
at com.Utils.Utils.readDataFromExcel(Utils.java:90)
at com.testcases.Condition_test.readdataExcelcondition(Condition_test.java:73)
... 25 more
... Removed 30 stack frames]]>
    </failure>
  </testcase> <!-- verify -->
  <testcase classname="com.testcases.Location_Test" name="addlocation" time="0.0">
    <skipped/>
  </testcase> <!-- addlocation -->
  <testcase classname="com.testcases.Location_Test" name="editcustomer" time="0.0">
    <skipped/>
  </testcase> <!-- editcustomer -->
  <testcase classname="com.testcases.Location_Test" name="deletecustomer" time="0.0">
    <skipped/>
  </testcase> <!-- deletecustomer -->
  <testcase classname="com.testcases.Location_Test" name="verify" time="0.0">
    <skipped/>
  </testcase> <!-- verify -->
  <testcase classname="com.testcases.Inventory_test" name="addProduct" time="0.143">
    <failure type="org.testng.internal.reflect.MethodMatcherException" message="
[public void com.testcases.Inventory_test.addProduct(java.lang.String,java.lang.String,java.lang.String,java.lang.String,java.lang.String,java.lang.String,java.lang.String,java.lang.String,java.lang.String,java.lang.String,java.lang.String,java.lang.String,java.lang.String,java.lang.String,java.lang.String,java.lang.String,java.lang.String,java.lang.String,java.lang.String,java.lang.String) throws java.lang.Throwable] has no parameters defined but was found to be using a data provider (either explicitly specified or inherited from class level annotation).
Data provider mismatch
Method: addProduct([java.lang.String arg0, java.lang.String arg1, java.lang.String arg2, java.lang.String arg3, java.lang.String arg4, java.lang.String arg5, java.lang.String arg6, java.lang.String arg7, java.lang.String arg8, java.lang.String arg9, java.lang.String arg10, java.lang.String arg11, java.lang.String arg12, java.lang.String arg13, java.lang.String arg14, java.lang.String arg15, java.lang.String arg16, java.lang.String arg17, java.lang.String arg18, java.lang.String arg19])
Arguments: [(java.lang.String) Bedroom,(java.lang.String) MS-01,(java.lang.String) SkWoods,(java.lang.String) teak-wood,(java.lang.String) illfordd,(java.lang.String) 182.9,(java.lang.String) 35.6,(java.lang.String) 61,(java.lang.String) brown,(java.lang.String) To Be Sold,(java.lang.String) Excellent,(java.lang.String) Bangalore,(java.lang.String) 10/20/2023,(java.lang.String) 10000,(java.lang.String) 1.5,(java.lang.String) 68132,(java.lang.String) SKDT,(java.lang.String) illfordd furniture,(java.lang.String) 11A234GRS2,(java.lang.String) 20,(java.lang.String) ]">
      <![CDATA[org.testng.internal.reflect.MethodMatcherException: 
[public void com.testcases.Inventory_test.addProduct(java.lang.String,java.lang.String,java.lang.String,java.lang.String,java.lang.String,java.lang.String,java.lang.String,java.lang.String,java.lang.String,java.lang.String,java.lang.String,java.lang.String,java.lang.String,java.lang.String,java.lang.String,java.lang.String,java.lang.String,java.lang.String,java.lang.String,java.lang.String) throws java.lang.Throwable] has no parameters defined but was found to be using a data provider (either explicitly specified or inherited from class level annotation).
Data provider mismatch
Method: addProduct([java.lang.String arg0, java.lang.String arg1, java.lang.String arg2, java.lang.String arg3, java.lang.String arg4, java.lang.String arg5, java.lang.String arg6, java.lang.String arg7, java.lang.String arg8, java.lang.String arg9, java.lang.String arg10, java.lang.String arg11, java.lang.String arg12, java.lang.String arg13, java.lang.String arg14, java.lang.String arg15, java.lang.String arg16, java.lang.String arg17, java.lang.String arg18, java.lang.String arg19])
Arguments: [(java.lang.String) Bedroom,(java.lang.String) MS-01,(java.lang.String) SkWoods,(java.lang.String) teak-wood,(java.lang.String) illfordd,(java.lang.String) 182.9,(java.lang.String) 35.6,(java.lang.String) 61,(java.lang.String) brown,(java.lang.String) To Be Sold,(java.lang.String) Excellent,(java.lang.String) Bangalore,(java.lang.String) 10/20/2023,(java.lang.String) 10000,(java.lang.String) 1.5,(java.lang.String) 68132,(java.lang.String) SKDT,(java.lang.String) illfordd furniture,(java.lang.String) 11A234GRS2,(java.lang.String) 20,(java.lang.String) ]
at java.base/java.util.ArrayList.forEach(ArrayList.java:1511)
... Removed 22 stack frames]]>
    </failure>
  </testcase> <!-- addProduct -->
  <testcase classname="com.testcases.Holidays_testing" name="addholiday" time="0.0">
    <skipped/>
  </testcase> <!-- addholiday -->
  <testcase classname="com.testcases.Holidays_testing" name="editholiday" time="0.001">
    <skipped/>
  </testcase> <!-- editholiday -->
  <testcase classname="com.testcases.Holidays_testing" name="deleteholiday" time="0.0">
    <skipped/>
  </testcase> <!-- deleteholiday -->
  <testcase classname="com.testcases.Holidays_testing" name="verify" time="0.001">
    <skipped/>
  </testcase> <!-- verify -->
  <testcase classname="com.testcases.Movingstocktest" name="wareHouseToshowRoom" time="0.0">
    <skipped/>
  </testcase> <!-- wareHouseToshowRoom -->
  <testcase classname="com.testcases.Movingstocktest" name="showRoomtowareHouse" time="0.0">
    <skipped/>
  </testcase> <!-- showRoomtowareHouse -->
</testsuite> <!-- Test -->
